2019-10-02 08:36:16 DEBUG EvasOnlineDriver:23 - Conenction test
2019-10-02 08:36:16 INFO  EvasOnlineDriver:32 - getEmailandPass
2019-10-02 08:36:17 INFO  EvasOnlineDriver:35 - getReimbursement
2019-10-02 08:36:17 INFO  EvasOnlineDriver:38 - updateEmployee
2019-10-02 08:36:17 INFO  EvasOnlineDriver:43 - updateRequest
2019-10-02 08:36:17 INFO  EvasOnlineDriver:47 - createRequest
2019-10-02 08:36:17 INFO  EvasOnlineDriver:52 - insertImage
2019-10-02 08:36:39 DEBUG EvasOnlineDriver:23 - Conenction test
2019-10-02 08:36:39 INFO  EvasOnlineDriver:32 - getEmailandPass
2019-10-02 08:36:40 INFO  EvasOnlineDriver:35 - getReimbursement
2019-10-02 08:36:40 INFO  EvasOnlineDriver:38 - updateEmployee
2019-10-02 08:36:40 INFO  EvasOnlineDriver:43 - updateRequest
2019-10-02 08:36:40 INFO  EvasOnlineDriver:47 - createRequest
2019-10-02 08:36:40 INFO  EvasOnlineDriver:52 - insertImage
2019-10-02 08:48:17 DEBUG EvasOnlineDriver:24 - Conenction test
2019-10-02 08:48:20 INFO  EvasOnlineDriver:33 - getEmailandPass
2019-10-02 08:48:20 INFO  EvasOnlineDriver:36 - getReimbursement
2019-10-02 08:48:20 INFO  EvasOnlineDriver:41 - updateEmployee
2019-10-02 08:48:20 INFO  EvasOnlineDriver:46 - updateRequest
2019-10-02 08:48:20 INFO  EvasOnlineDriver:50 - createRequest
2019-10-02 08:48:20 INFO  EvasOnlineDriver:55 - insertImage
2019-10-02 08:48:35 DEBUG EvasOnlineDriver:24 - Conenction test
2019-10-02 08:48:35 INFO  EvasOnlineDriver:33 - getEmailandPass
2019-10-02 08:48:35 INFO  EvasOnlineDriver:36 - getReimbursement
2019-10-02 08:48:35 INFO  EvasOnlineDriver:41 - updateEmployee
2019-10-02 08:48:35 INFO  EvasOnlineDriver:46 - updateRequest
2019-10-02 08:48:35 INFO  EvasOnlineDriver:50 - createRequest
2019-10-02 08:48:35 INFO  EvasOnlineDriver:55 - insertImage
2019-10-02 08:55:01 DEBUG EvasOnlineDriver:24 - Conenction test
2019-10-02 08:55:02 INFO  EvasOnlineDriver:33 - getEmailandPass
2019-10-02 08:55:03 INFO  EvasOnlineDriver:36 - getReimbursement
2019-10-02 08:55:03 INFO  EvasOnlineDriver:39 - updateEmployee
2019-10-02 08:55:03 INFO  EvasOnlineDriver:44 - updateRequest
2019-10-02 08:55:03 INFO  EvasOnlineDriver:48 - createRequest
2019-10-02 08:55:03 INFO  EvasOnlineDriver:52 - getEmployeee List
2019-10-02 08:55:03 INFO  EvasOnlineDriver:56 - getRequest List
2019-10-02 08:55:03 INFO  EvasOnlineDriver:62 - insertImage
2019-10-02 08:56:57 DEBUG EvasOnlineDriver:24 - Conenction test
2019-10-02 08:56:59 INFO  EvasOnlineDriver:33 - getEmailandPass
2019-10-02 08:56:59 INFO  EvasOnlineDriver:36 - getReimbursement
2019-10-02 08:56:59 INFO  EvasOnlineDriver:39 - updateEmployee
2019-10-02 08:56:59 INFO  EvasOnlineDriver:44 - updateRequest
2019-10-02 08:56:59 INFO  EvasOnlineDriver:48 - createRequest
2019-10-02 08:56:59 INFO  EvasOnlineDriver:52 - getEmployeee List
2019-10-02 08:57:00 INFO  EvasOnlineDriver:56 - getRequest List
2019-10-02 08:57:00 INFO  EvasOnlineDriver:62 - insertImage
2019-10-02 08:57:05 DEBUG EvasOnlineDriver:24 - Conenction test
2019-10-02 08:57:06 INFO  EvasOnlineDriver:33 - getEmailandPass
2019-10-02 08:57:06 INFO  EvasOnlineDriver:36 - getReimbursement
2019-10-02 08:57:07 INFO  EvasOnlineDriver:39 - updateEmployee
2019-10-02 08:57:07 INFO  EvasOnlineDriver:44 - updateRequest
2019-10-02 08:57:07 INFO  EvasOnlineDriver:48 - createRequest
2019-10-02 08:57:07 INFO  EvasOnlineDriver:52 - getEmployeee List
2019-10-02 08:57:08 INFO  EvasOnlineDriver:56 - getRequest List
2019-10-02 08:57:08 INFO  EvasOnlineDriver:62 - insertImage
2019-10-02 09:02:17 DEBUG EvasOnlineDriver:24 - Conenction test
2019-10-02 09:02:18 INFO  EvasOnlineDriver:33 - getEmailandPass
2019-10-02 09:02:19 INFO  EvasOnlineDriver:36 - getReimbursement
2019-10-02 09:02:19 INFO  EvasOnlineDriver:39 - updateEmployee
2019-10-02 09:02:19 INFO  EvasOnlineDriver:44 - updateRequest
2019-10-02 09:02:19 INFO  EvasOnlineDriver:48 - createRequest
2019-10-02 09:02:19 INFO  EvasOnlineDriver:52 - getEmployeee List
2019-10-02 09:02:19 INFO  EvasOnlineDriver:56 - getRequest List
2019-10-02 09:02:20 INFO  EvasOnlineDriver:62 - insertImage
2019-10-02 09:09:26 DEBUG EvasOnlineDriver:24 - Conenction test
2019-10-02 09:09:26 INFO  EvasOnlineDriver:33 - getEmailandPass
2019-10-02 09:09:27 INFO  EvasOnlineDriver:36 - getReimbursement
2019-10-02 09:09:27 INFO  EvasOnlineDriver:39 - updateEmployee
2019-10-02 09:09:27 INFO  EvasOnlineDriver:44 - updateRequest
2019-10-02 09:09:27 INFO  EvasOnlineDriver:48 - createRequest
2019-10-02 09:09:27 INFO  EvasOnlineDriver:52 - getEmployeee List
2019-10-02 09:09:28 INFO  EvasOnlineDriver:56 - getRequest List
2019-10-02 09:09:28 INFO  EvasOnlineDriver:62 - insertImage
2019-10-02 09:10:50 DEBUG EvasOnlineDriver:24 - Conenction test
2019-10-02 09:10:50 INFO  EvasOnlineDriver:33 - getEmailandPass
2019-10-02 09:10:51 INFO  EvasOnlineDriver:36 - getReimbursement
2019-10-02 09:10:51 INFO  EvasOnlineDriver:39 - updateEmployee
2019-10-02 09:10:51 INFO  EvasOnlineDriver:44 - updateRequest
2019-10-02 09:10:51 INFO  EvasOnlineDriver:48 - createRequest
2019-10-02 09:10:51 INFO  EvasOnlineDriver:52 - getEmployeee List
2019-10-02 09:10:51 INFO  EvasOnlineDriver:56 - getRequest List
2019-10-02 09:10:51 INFO  EvasOnlineDriver:62 - insertImage
2019-10-02 09:11:00 DEBUG EvasOnlineDriver:24 - Conenction test
2019-10-02 09:11:01 INFO  EvasOnlineDriver:33 - getEmailandPass
2019-10-02 09:11:01 INFO  EvasOnlineDriver:36 - getReimbursement
2019-10-02 09:11:01 INFO  EvasOnlineDriver:39 - updateEmployee
2019-10-02 09:11:01 INFO  EvasOnlineDriver:44 - updateRequest
2019-10-02 09:11:01 INFO  EvasOnlineDriver:48 - createRequest
2019-10-02 09:11:01 INFO  EvasOnlineDriver:52 - getEmployeee List
2019-10-02 09:11:02 INFO  EvasOnlineDriver:56 - getRequest List
2019-10-02 09:11:02 INFO  EvasOnlineDriver:62 - insertImage
2019-10-02 09:33:42 DEBUG EvasOnlineDriver:25 - Conenction test
2019-10-02 09:33:43 INFO  EvasOnlineDriver:34 - getEmailandPass
2019-10-02 09:33:44 INFO  EvasOnlineDriver:40 - getReimbursement
2019-10-02 09:33:44 INFO  EvasOnlineDriver:43 - updateEmployee
2019-10-02 09:33:44 INFO  EvasOnlineDriver:48 - updateRequest
2019-10-02 09:33:44 INFO  EvasOnlineDriver:52 - createRequest
2019-10-02 09:33:44 INFO  EvasOnlineDriver:56 - getEmployeee List
2019-10-02 09:33:44 INFO  EvasOnlineDriver:60 - getRequest List
2019-10-02 09:33:44 INFO  EvasOnlineDriver:66 - insertImage
2019-10-02 09:34:22 DEBUG EvasOnlineDriver:25 - Conenction test
2019-10-02 09:34:22 INFO  EvasOnlineDriver:34 - getEmailandPass
2019-10-02 09:34:23 INFO  EvasOnlineDriver:40 - getReimbursement
2019-10-02 09:34:23 INFO  EvasOnlineDriver:43 - updateEmployee
2019-10-02 09:34:23 INFO  EvasOnlineDriver:48 - updateRequest
2019-10-02 09:34:23 INFO  EvasOnlineDriver:52 - createRequest
2019-10-02 09:34:23 INFO  EvasOnlineDriver:56 - getEmployeee List
2019-10-02 09:34:24 INFO  EvasOnlineDriver:60 - getRequest List
2019-10-02 09:34:24 INFO  EvasOnlineDriver:66 - insertImage
2019-10-02 09:37:33 DEBUG EvasOnlineDriver:25 - Conenction test
2019-10-02 09:37:34 INFO  EvasOnlineDriver:34 - getEmailandPass
2019-10-02 09:37:35 INFO  EvasOnlineDriver:40 - getReimbursement
2019-10-02 09:37:35 INFO  EvasOnlineDriver:43 - updateEmployee
2019-10-02 09:37:35 INFO  EvasOnlineDriver:48 - updateRequest
2019-10-02 09:37:35 INFO  EvasOnlineDriver:52 - createRequest
2019-10-02 09:37:36 INFO  EvasOnlineDriver:56 - getEmployeee List
2019-10-02 09:37:36 INFO  EvasOnlineDriver:60 - getRequest List
2019-10-02 09:37:36 INFO  EvasOnlineDriver:66 - insertImage
2019-10-02 09:37:42 DEBUG EvasOnlineDriver:25 - Conenction test
2019-10-02 09:37:43 INFO  EvasOnlineDriver:34 - getEmailandPass
2019-10-02 09:37:43 INFO  EvasOnlineDriver:40 - getReimbursement
2019-10-02 09:37:43 INFO  EvasOnlineDriver:43 - updateEmployee
2019-10-02 09:37:43 INFO  EvasOnlineDriver:48 - updateRequest
2019-10-02 09:37:43 INFO  EvasOnlineDriver:52 - createRequest
2019-10-02 09:37:44 INFO  EvasOnlineDriver:56 - getEmployeee List
2019-10-02 09:37:44 INFO  EvasOnlineDriver:60 - getRequest List
2019-10-02 09:37:44 INFO  EvasOnlineDriver:66 - insertImage
2019-10-02 09:38:50 DEBUG EvasOnlineDriver:25 - Conenction test
2019-10-02 09:38:51 INFO  EvasOnlineDriver:34 - getEmailandPass
2019-10-02 09:38:51 INFO  EvasOnlineDriver:40 - getReimbursement
2019-10-02 09:38:51 INFO  EvasOnlineDriver:43 - updateEmployee
2019-10-02 09:38:51 INFO  EvasOnlineDriver:48 - updateRequest
2019-10-02 09:38:51 INFO  EvasOnlineDriver:52 - createRequest
2019-10-02 09:38:52 INFO  EvasOnlineDriver:56 - getEmployeee List
2019-10-02 09:38:52 INFO  EvasOnlineDriver:60 - getRequest List
2019-10-02 09:38:52 INFO  EvasOnlineDriver:66 - insertImage
2019-10-02 10:46:56 DEBUG EvasOnlineDriver:25 - Conenction test
2019-10-02 10:46:57 INFO  EvasOnlineDriver:34 - getEmailandPass
2019-10-02 10:46:59 INFO  EvasOnlineDriver:40 - getReimbursement
2019-10-02 10:47:00 INFO  EvasOnlineDriver:43 - updateEmployee
2019-10-02 10:47:00 INFO  EvasOnlineDriver:48 - updateRequest
2019-10-02 10:47:00 INFO  EvasOnlineDriver:52 - createRequest
2019-10-02 10:47:00 INFO  EvasOnlineDriver:56 - getEmployeee List
2019-10-02 10:47:00 INFO  EvasOnlineDriver:60 - getRequest List
2019-10-02 10:47:00 INFO  EvasOnlineDriver:66 - insertImage
2019-10-02 11:00:30 DEBUG EvasOnlineDriver:25 - Conenction test
2019-10-02 11:00:31 INFO  EvasOnlineDriver:34 - getEmailandPass
2019-10-02 11:00:32 INFO  EvasOnlineDriver:40 - getReimbursement
2019-10-02 11:00:32 INFO  EvasOnlineDriver:43 - updateEmployee
2019-10-02 11:00:32 INFO  EvasOnlineDriver:48 - updateRequest
2019-10-02 11:00:32 INFO  EvasOnlineDriver:52 - createRequest
2019-10-02 11:00:33 INFO  EvasOnlineDriver:56 - getEmployeee List
2019-10-02 11:00:33 INFO  EvasOnlineDriver:60 - getRequest List
2019-10-02 11:00:33 INFO  EvasOnlineDriver:66 - insertImage
2019-10-02 11:00:51 DEBUG EvasOnlineDriver:25 - Conenction test
2019-10-02 11:00:52 INFO  EvasOnlineDriver:34 - getEmailandPass
2019-10-02 11:00:53 INFO  EvasOnlineDriver:40 - getReimbursement
2019-10-02 11:00:53 INFO  EvasOnlineDriver:43 - updateEmployee
2019-10-02 11:00:53 INFO  EvasOnlineDriver:48 - updateRequest
2019-10-02 11:00:53 INFO  EvasOnlineDriver:52 - createRequest
2019-10-02 11:00:54 INFO  EvasOnlineDriver:56 - getEmployeee List
2019-10-02 11:00:54 INFO  EvasOnlineDriver:60 - getRequest List
2019-10-02 11:00:55 INFO  EvasOnlineDriver:66 - insertImage
2019-10-02 16:32:15 DEBUG EvasOnlineDriver:25 - Conenction test
2019-10-02 16:32:15 INFO  EvasOnlineDriver:34 - getEmailandPass
2019-10-02 16:32:16 INFO  EvasOnlineDriver:40 - getReimbursement
2019-10-02 16:32:17 INFO  EvasOnlineDriver:43 - updateEmployee
2019-10-02 16:32:17 INFO  EvasOnlineDriver:48 - updateRequest
2019-10-02 16:32:17 INFO  EvasOnlineDriver:52 - createRequest
2019-10-02 16:32:17 INFO  EvasOnlineDriver:56 - getEmployeee List
2019-10-02 16:32:17 INFO  EvasOnlineDriver:60 - getRequest List
2019-10-02 16:32:17 INFO  EvasOnlineDriver:66 - insertImage
2019-10-02 16:33:45 DEBUG EvasOnlineDriver:26 - Conenction test
2019-10-02 16:33:46 INFO  EvasOnlineDriver:35 - getEmailandPass
2019-10-02 16:33:46 INFO  EvasOnlineDriver:41 - getReimbursement
2019-10-02 16:33:47 INFO  EvasOnlineDriver:44 - updateEmployee
2019-10-02 16:33:47 INFO  EvasOnlineDriver:49 - updateRequest
2019-10-02 16:33:47 INFO  EvasOnlineDriver:53 - createRequest
2019-10-02 16:33:47 INFO  EvasOnlineDriver:57 - getEmployeee List
2019-10-02 16:33:47 INFO  EvasOnlineDriver:61 - getRequest List
2019-10-02 16:33:47 INFO  EvasOnlineDriver:67 - insertImage
2019-10-02 16:34:06 DEBUG EvasOnlineDriver:26 - Conenction test
2019-10-02 16:34:07 INFO  EvasOnlineDriver:35 - getEmailandPass
2019-10-02 16:34:07 INFO  EvasOnlineDriver:41 - getReimbursement
2019-10-02 16:34:08 INFO  EvasOnlineDriver:44 - updateEmployee
2019-10-02 16:34:08 INFO  EvasOnlineDriver:49 - updateRequest
2019-10-02 16:34:08 INFO  EvasOnlineDriver:53 - createRequest
2019-10-02 16:34:08 INFO  EvasOnlineDriver:57 - getEmployeee List
2019-10-02 16:34:08 INFO  EvasOnlineDriver:61 - getRequest List
2019-10-02 16:34:09 INFO  EvasOnlineDriver:67 - insertImage
2019-10-02 16:34:24 DEBUG EvasOnlineDriver:26 - Conenction test
2019-10-02 16:34:25 INFO  EvasOnlineDriver:35 - getEmailandPass
2019-10-02 16:34:26 INFO  EvasOnlineDriver:41 - getReimbursement
2019-10-02 16:34:26 INFO  EvasOnlineDriver:44 - updateEmployee
2019-10-02 16:34:26 INFO  EvasOnlineDriver:49 - updateRequest
2019-10-02 16:34:26 INFO  EvasOnlineDriver:53 - createRequest
2019-10-02 16:34:27 INFO  EvasOnlineDriver:57 - getEmployeee List
2019-10-02 16:34:27 INFO  EvasOnlineDriver:61 - getRequest List
2019-10-02 16:34:27 INFO  EvasOnlineDriver:67 - insertImage
2019-10-02 18:06:38 DEBUG EvasOnlineDriver:26 - Conenction test
2019-10-02 18:06:39 INFO  EvasOnlineDriver:35 - getEmailandPass
2019-10-02 18:06:40 INFO  EvasOnlineDriver:41 - getReimbursement
2019-10-02 18:06:40 INFO  EvasOnlineDriver:44 - updateEmployee
2019-10-02 18:06:40 INFO  EvasOnlineDriver:49 - updateRequest
2019-10-02 18:06:40 INFO  EvasOnlineDriver:53 - createRequest
2019-10-02 18:06:41 INFO  EvasOnlineDriver:57 - getEmployeee List
2019-10-02 18:06:41 INFO  EvasOnlineDriver:61 - getRequest List
2019-10-02 18:06:42 INFO  EvasOnlineDriver:67 - insertImage
2019-10-02 18:06:59 DEBUG EvasOnlineDriver:26 - Conenction test
2019-10-02 18:06:59 INFO  EvasOnlineDriver:35 - getEmailandPass
2019-10-02 18:07:00 INFO  EvasOnlineDriver:41 - getReimbursement
2019-10-02 18:07:00 INFO  EvasOnlineDriver:44 - updateEmployee
2019-10-02 18:07:00 INFO  EvasOnlineDriver:49 - updateRequest
2019-10-02 18:07:00 INFO  EvasOnlineDriver:53 - createRequest
2019-10-02 18:07:01 INFO  EvasOnlineDriver:57 - getEmployeee List
2019-10-02 18:07:01 INFO  EvasOnlineDriver:61 - getRequest List
2019-10-02 18:07:02 INFO  EvasOnlineDriver:67 - insertImage
2019-10-02 18:09:53 DEBUG EvasOnlineDriver:26 - Conenction test
2019-10-02 18:09:54 INFO  EvasOnlineDriver:35 - getEmailandPass
2019-10-02 18:09:54 INFO  EvasOnlineDriver:41 - getReimbursement
2019-10-02 18:09:55 INFO  EvasOnlineDriver:44 - updateEmployee
2019-10-02 18:09:55 INFO  EvasOnlineDriver:49 - updateRequest
2019-10-02 18:09:55 INFO  EvasOnlineDriver:53 - createRequest
2019-10-02 18:09:55 INFO  EvasOnlineDriver:57 - getEmployeee List
2019-10-02 18:09:55 INFO  EvasOnlineDriver:61 - getRequest List
2019-10-02 18:09:55 INFO  EvasOnlineDriver:67 - insertImage
2019-10-02 18:10:49 DEBUG EvasOnlineDriver:26 - Conenction test
2019-10-02 18:10:50 INFO  EvasOnlineDriver:35 - getEmailandPass
2019-10-02 18:10:50 INFO  EvasOnlineDriver:41 - getReimbursement
2019-10-02 18:10:50 INFO  EvasOnlineDriver:44 - updateEmployee
2019-10-02 18:10:50 INFO  EvasOnlineDriver:49 - updateRequest
2019-10-02 18:10:50 INFO  EvasOnlineDriver:53 - createRequest
2019-10-02 18:10:51 INFO  EvasOnlineDriver:57 - getEmployeee List
2019-10-02 18:10:51 INFO  EvasOnlineDriver:61 - getRequest List
2019-10-02 18:10:51 INFO  EvasOnlineDriver:67 - insertImage
2019-10-02 18:13:06 DEBUG EvasOnlineDriver:26 - Conenction test
2019-10-02 18:13:07 INFO  EvasOnlineDriver:35 - getEmailandPass
2019-10-02 18:13:07 INFO  EvasOnlineDriver:41 - getReimbursement
2019-10-02 18:13:08 INFO  EvasOnlineDriver:44 - updateEmployee
2019-10-02 18:13:08 INFO  EvasOnlineDriver:49 - updateRequest
2019-10-02 18:13:08 INFO  EvasOnlineDriver:53 - createRequest
2019-10-02 18:13:08 INFO  EvasOnlineDriver:57 - getEmployeee List
2019-10-02 18:13:08 INFO  EvasOnlineDriver:61 - getRequest List
2019-10-02 18:13:09 INFO  EvasOnlineDriver:67 - insertImage
2019-10-03 16:38:10 DEBUG EvasOnlineDriver:26 - Conenction test
2019-10-03 16:38:11 INFO  EvasOnlineDriver:35 - getEmailandPass
2019-10-03 16:38:12 INFO  EvasOnlineDriver:41 - getReimbursement
2019-10-03 16:38:12 INFO  EvasOnlineDriver:44 - updateEmployee
2019-10-03 16:38:12 INFO  EvasOnlineDriver:49 - updateRequest
2019-10-03 16:38:12 INFO  EvasOnlineDriver:53 - createRequest
2019-10-03 16:38:12 INFO  EvasOnlineDriver:57 - getEmployeee List
2019-10-03 16:38:12 INFO  EvasOnlineDriver:61 - getRequest List
2019-10-03 16:38:13 INFO  EvasOnlineDriver:67 - insertImage
2019-10-03 16:39:17 DEBUG EvasOnlineDriver:26 - Conenction test
2019-10-03 16:39:18 INFO  EvasOnlineDriver:35 - getEmailandPass
2019-10-03 16:39:18 INFO  EvasOnlineDriver:41 - getReimbursement
2019-10-03 16:39:19 INFO  EvasOnlineDriver:44 - updateEmployee
2019-10-03 16:39:19 INFO  EvasOnlineDriver:49 - updateRequest
2019-10-03 16:39:19 INFO  EvasOnlineDriver:53 - createRequest
2019-10-03 16:39:20 INFO  EvasOnlineDriver:57 - getEmployeee List
2019-10-03 16:39:20 INFO  EvasOnlineDriver:61 - getRequest List
2019-10-03 16:39:20 INFO  EvasOnlineDriver:67 - insertImage
2019-10-03 17:00:04 DEBUG EvasOnlineDriver:26 - Conenction test
2019-10-03 17:00:05 INFO  EvasOnlineDriver:35 - getEmailandPass
2019-10-03 17:00:06 INFO  EvasOnlineDriver:41 - getReimbursement
2019-10-03 17:00:06 INFO  EvasOnlineDriver:44 - updateEmployee
2019-10-03 17:00:06 INFO  EvasOnlineDriver:49 - updateRequest
2019-10-03 17:00:06 INFO  EvasOnlineDriver:53 - createRequest
2019-10-03 17:00:06 INFO  EvasOnlineDriver:57 - getEmployeee List
2019-10-03 17:00:07 INFO  EvasOnlineDriver:61 - getRequest List
2019-10-03 17:00:07 INFO  EvasOnlineDriver:67 - insertImage
2019-10-03 17:01:40 DEBUG EvasOnlineDriver:26 - Conenction test
2019-10-03 17:01:42 INFO  EvasOnlineDriver:35 - getEmailandPass
2019-10-03 17:01:42 INFO  EvasOnlineDriver:41 - getReimbursement
2019-10-03 17:01:43 INFO  EvasOnlineDriver:44 - updateEmployee
2019-10-03 17:01:43 INFO  EvasOnlineDriver:49 - updateRequest
2019-10-03 17:01:43 INFO  EvasOnlineDriver:53 - createRequest
2019-10-03 17:01:43 INFO  EvasOnlineDriver:57 - getEmployeee List
2019-10-03 17:01:43 INFO  EvasOnlineDriver:61 - getRequest List
2019-10-03 17:01:43 INFO  EvasOnlineDriver:67 - insertImage
2019-10-03 17:02:31 DEBUG EvasOnlineDriver:26 - Conenction test
2019-10-03 17:02:32 INFO  EvasOnlineDriver:35 - getEmailandPass
2019-10-03 17:02:33 INFO  EvasOnlineDriver:41 - getReimbursement
2019-10-03 17:02:34 INFO  EvasOnlineDriver:44 - updateEmployee
2019-10-03 17:02:34 INFO  EvasOnlineDriver:49 - updateRequest
2019-10-03 17:02:34 INFO  EvasOnlineDriver:53 - createRequest
2019-10-03 17:02:34 INFO  EvasOnlineDriver:57 - getEmployeee List
2019-10-03 17:02:34 INFO  EvasOnlineDriver:61 - getRequest List
2019-10-03 17:02:34 INFO  EvasOnlineDriver:67 - insertImage
2019-10-03 17:05:33 DEBUG EvasOnlineDriver:26 - Conenction test
2019-10-03 17:05:34 INFO  EvasOnlineDriver:35 - getEmailandPass
2019-10-03 17:05:35 INFO  EvasOnlineDriver:41 - getReimbursement
2019-10-03 17:05:36 INFO  EvasOnlineDriver:44 - updateEmployee
2019-10-03 17:05:36 INFO  EvasOnlineDriver:49 - updateRequest
2019-10-03 17:05:36 INFO  EvasOnlineDriver:53 - createRequest
2019-10-03 17:05:36 INFO  EvasOnlineDriver:57 - getEmployeee List
2019-10-03 17:05:36 INFO  EvasOnlineDriver:61 - getRequest List
2019-10-03 17:05:36 INFO  EvasOnlineDriver:67 - insertImage
2019-10-03 17:05:49 DEBUG EvasOnlineDriver:26 - Conenction test
2019-10-03 17:05:50 INFO  EvasOnlineDriver:35 - getEmailandPass
2019-10-03 17:05:51 INFO  EvasOnlineDriver:41 - getReimbursement
2019-10-03 17:05:51 INFO  EvasOnlineDriver:44 - updateEmployee
2019-10-03 17:05:51 INFO  EvasOnlineDriver:49 - updateRequest
2019-10-03 17:05:51 INFO  EvasOnlineDriver:53 - createRequest
2019-10-03 17:05:51 INFO  EvasOnlineDriver:57 - getEmployeee List
2019-10-03 17:05:52 INFO  EvasOnlineDriver:61 - getRequest List
2019-10-03 17:05:52 INFO  EvasOnlineDriver:67 - insertImage
